Classic Timing Analyzer report for Block1
Tue Dec 29 15:06:55 2020
Quartus II Version 9.0 Build 132 02/25/2009 SJ Full Version


---------------------
; Table of Contents ;
---------------------
  1. Legal Notice
  2. Timing Analyzer Summary
  3. Timing Analyzer Settings
  4. Parallel Compilation
  5. tpd
  6. Timing Analyzer Messages



----------------
; Legal Notice ;
----------------
Copyright (C) 1991-2009 Altera Corporation
Your use of Altera Corporation's design tools, logic functions 
and other software and tools, and its AMPP partner logic 
functions, and any output files from any of the foregoing 
(including device programming or simulation files), and any 
associated documentation or information are expressly subject 
to the terms and conditions of the Altera Program License 
Subscription Agreement, Altera MegaCore Function License 
Agreement, or other applicable license agreement, including, 
without limitation, that your use is for the sole purpose of 
programming logic devices manufactured by Altera and sold by 
Altera or its authorized distributors.  Please refer to the 
applicable agreement for further details.



+-----------------------------------------------------------------------------------------------------------------------+
; Timing Analyzer Summary                                                                                               ;
+------------------------------+-------+---------------+-------------+------+----+------------+----------+--------------+
; Type                         ; Slack ; Required Time ; Actual Time ; From ; To ; From Clock ; To Clock ; Failed Paths ;
+------------------------------+-------+---------------+-------------+------+----+------------+----------+--------------+
; Worst-case tpd               ; N/A   ; None          ; 12.807 ns   ; a0   ; s4 ; --         ; --       ; 0            ;
; Total number of failed paths ;       ;               ;             ;      ;    ;            ;          ; 0            ;
+------------------------------+-------+---------------+-------------+------+----+------------+----------+--------------+


+--------------------------------------------------------------------------------------------------------------------+
; Timing Analyzer Settings                                                                                           ;
+---------------------------------------------------------------------+--------------------+------+----+-------------+
; Option                                                              ; Setting            ; From ; To ; Entity Name ;
+---------------------------------------------------------------------+--------------------+------+----+-------------+
; Device Name                                                         ; EP1C6Q240C8        ;      ;    ;             ;
; Timing Models                                                       ; Final              ;      ;    ;             ;
; Default hold multicycle                                             ; Same as Multicycle ;      ;    ;             ;
; Cut paths between unrelated clock domains                           ; On                 ;      ;    ;             ;
; Cut off read during write signal paths                              ; On                 ;      ;    ;             ;
; Cut off feedback from I/O pins                                      ; On                 ;      ;    ;             ;
; Report Combined Fast/Slow Timing                                    ; Off                ;      ;    ;             ;
; Ignore Clock Settings                                               ; Off                ;      ;    ;             ;
; Analyze latches as synchronous elements                             ; On                 ;      ;    ;             ;
; Enable Recovery/Removal analysis                                    ; Off                ;      ;    ;             ;
; Enable Clock Latency                                                ; Off                ;      ;    ;             ;
; Use TimeQuest Timing Analyzer                                       ; Off                ;      ;    ;             ;
; Minimum Core Junction Temperature                                   ; 0                  ;      ;    ;             ;
; Maximum Core Junction Temperature                                   ; 85                 ;      ;    ;             ;
; Number of source nodes to report per destination node               ; 10                 ;      ;    ;             ;
; Number of destination nodes to report                               ; 10                 ;      ;    ;             ;
; Number of paths to report                                           ; 200                ;      ;    ;             ;
; Report Minimum Timing Checks                                        ; Off                ;      ;    ;             ;
; Use Fast Timing Models                                              ; Off                ;      ;    ;             ;
; Report IO Paths Separately                                          ; Off                ;      ;    ;             ;
; Perform Multicorner Analysis                                        ; Off                ;      ;    ;             ;
; Reports the worst-case path for each clock domain and analysis      ; Off                ;      ;    ;             ;
; Removes common clock path pessimism (CCPP) during slack computation ; Off                ;      ;    ;             ;
; Output I/O Timing Endpoint                                          ; Near End           ;      ;    ;             ;
+---------------------------------------------------------------------+--------------------+------+----+-------------+


+------------------------------------------+
; Parallel Compilation                     ;
+----------------------------+-------------+
; Processors                 ; Number      ;
+----------------------------+-------------+
; Number detected on machine ; 4           ;
; Maximum allowed            ; 4           ;
;                            ;             ;
; Average used               ; 1.00        ;
; Maximum used               ; 1           ;
;                            ;             ;
; Usage by Processor         ; % Time Used ;
;     1 processor            ; 100.0%      ;
;     2-4 processors         ;   0.0%      ;
+----------------------------+-------------+


+---------------------------------------------------------+
; tpd                                                     ;
+-------+-------------------+-----------------+------+----+
; Slack ; Required P2P Time ; Actual P2P Time ; From ; To ;
+-------+-------------------+-----------------+------+----+
; N/A   ; None              ; 12.807 ns       ; a0   ; s4 ;
; N/A   ; None              ; 12.796 ns       ; a0   ; s3 ;
; N/A   ; None              ; 12.741 ns       ; b1   ; s4 ;
; N/A   ; None              ; 12.730 ns       ; b1   ; s3 ;
; N/A   ; None              ; 12.599 ns       ; b0   ; s4 ;
; N/A   ; None              ; 12.588 ns       ; a1   ; s4 ;
; N/A   ; None              ; 12.588 ns       ; b0   ; s3 ;
; N/A   ; None              ; 12.577 ns       ; a1   ; s3 ;
; N/A   ; None              ; 11.940 ns       ; a2   ; s4 ;
; N/A   ; None              ; 11.938 ns       ; a0   ; s2 ;
; N/A   ; None              ; 11.929 ns       ; a2   ; s3 ;
; N/A   ; None              ; 11.872 ns       ; b1   ; s2 ;
; N/A   ; None              ; 11.730 ns       ; b0   ; s2 ;
; N/A   ; None              ; 11.719 ns       ; a1   ; s2 ;
; N/A   ; None              ; 11.403 ns       ; b2   ; s4 ;
; N/A   ; None              ; 11.392 ns       ; b2   ; s3 ;
; N/A   ; None              ; 11.073 ns       ; a2   ; s2 ;
; N/A   ; None              ; 10.817 ns       ; a3   ; s4 ;
; N/A   ; None              ; 10.809 ns       ; a3   ; s3 ;
; N/A   ; None              ; 10.642 ns       ; a0   ; s0 ;
; N/A   ; None              ; 10.640 ns       ; a0   ; s1 ;
; N/A   ; None              ; 10.572 ns       ; b1   ; s1 ;
; N/A   ; None              ; 10.560 ns       ; b3   ; s4 ;
; N/A   ; None              ; 10.552 ns       ; b3   ; s3 ;
; N/A   ; None              ; 10.536 ns       ; b2   ; s2 ;
; N/A   ; None              ; 10.434 ns       ; b0   ; s0 ;
; N/A   ; None              ; 10.432 ns       ; b0   ; s1 ;
; N/A   ; None              ; 10.423 ns       ; a1   ; s1 ;
+-------+-------------------+-----------------+------+----+


+--------------------------+
; Timing Analyzer Messages ;
+--------------------------+
Info: *******************************************************************
Info: Running Quartus II Classic Timing Analyzer
    Info: Version 9.0 Build 132 02/25/2009 SJ Full Version
    Info: Processing started: Tue Dec 29 15:06:55 2020
Info: Command: quartus_tan --read_settings_files=off --write_settings_files=off Block1 -c Block1 --timing_analysis_only
Info: Parallel compilation is enabled and will use 4 of the 4 processors detected
Info: Longest tpd from source pin "a0" to destination pin "s4" is 12.807 ns
    Info: 1: + IC(0.000 ns) + CELL(1.475 ns) = 1.475 ns; Loc. = PIN_233; Fanout = 3; PIN Node = 'a0'
    Info: 2: + IC(5.400 ns) + CELL(0.292 ns) = 7.167 ns; Loc. = LC_X2_Y20_N5; Fanout = 2; COMB Node = 'adder:inst6|inst5~0'
    Info: 3: + IC(0.413 ns) + CELL(0.442 ns) = 8.022 ns; Loc. = LC_X2_Y20_N8; Fanout = 2; COMB Node = 'adder:inst7|inst5~0'
    Info: 4: + IC(0.422 ns) + CELL(0.442 ns) = 8.886 ns; Loc. = LC_X2_Y20_N4; Fanout = 1; COMB Node = 'adder:inst8|inst5~0'
    Info: 5: + IC(1.797 ns) + CELL(2.124 ns) = 12.807 ns; Loc. = PIN_6; Fanout = 0; PIN Node = 's4'
    Info: Total cell delay = 4.775 ns ( 37.28 % )
    Info: Total interconnect delay = 8.032 ns ( 62.72 % )
Info: Quartus II Classic Timing Analyzer was successful. 0 errors, 0 warnings
    Info: Peak virtual memory: 161 megabytes
    Info: Processing ended: Tue Dec 29 15:06:55 2020
    Info: Elapsed time: 00:00:00
    Info: Total CPU time (on all processors): 00:00:00


