Analysis & Synthesis report for control
Wed Dec 30 09:33:14 2020
Quartus II Version 9.0 Build 132 02/25/2009 SJ Full Version


---------------------
; Table of Contents ;
---------------------
  1. Legal Notice
  2. Analysis & Synthesis Summary
  3. Analysis & Synthesis Settings
  4. Analysis & Synthesis Source Files Read
  5. Analysis & Synthesis Resource Usage Summary
  6. Analysis & Synthesis Resource Utilization by Entity
  7. State Machine - |control|conb:u2|state
  8. State Machine - |control|cona:u1|state
  9. General Register Statistics
 10. Multiplexer Restructuring Statistics (Restructuring Performed)
 11. Analysis & Synthesis Messages



----------------
; Legal Notice ;
----------------
Copyright (C) 1991-2009 Altera Corporation
Your use of Altera Corporation's design tools, logic functions 
and other software and tools, and its AMPP partner logic 
functions, and any output files from any of the foregoing 
(including device programming or simulation files), and any 
associated documentation or information are expressly subject 
to the terms and conditions of the Altera Program License 
Subscription Agreement, Altera MegaCore Function License 
Agreement, or other applicable license agreement, including, 
without limitation, that your use is for the sole purpose of 
programming logic devices manufactured by Altera and sold by 
Altera or its authorized distributors.  Please refer to the 
applicable agreement for further details.



+------------------------------------------------------------------------+
; Analysis & Synthesis Summary                                           ;
+-----------------------------+------------------------------------------+
; Analysis & Synthesis Status ; Successful - Wed Dec 30 09:33:14 2020    ;
; Quartus II Version          ; 9.0 Build 132 02/25/2009 SJ Full Version ;
; Revision Name               ; control                                  ;
; Top-level Entity Name       ; control                                  ;
; Family                      ; Cyclone                                  ;
; Total logic elements        ; 69                                       ;
; Total pins                  ; 26                                       ;
; Total virtual pins          ; 0                                        ;
; Total memory bits           ; 0                                        ;
; Total PLLs                  ; 0                                        ;
+-----------------------------+------------------------------------------+


+----------------------------------------------------------------------------------------------------------+
; Analysis & Synthesis Settings                                                                            ;
+----------------------------------------------------------------+--------------------+--------------------+
; Option                                                         ; Setting            ; Default Value      ;
+----------------------------------------------------------------+--------------------+--------------------+
; Device                                                         ; EP1C6Q240C8        ;                    ;
; Top-level entity name                                          ; control            ; control            ;
; Family name                                                    ; Cyclone            ; Stratix II         ;
; Use Generated Physical Constraints File                        ; Off                ;                    ;
; Use smart compilation                                          ; Off                ; Off                ;
; Restructure Multiplexers                                       ; Auto               ; Auto               ;
; Create Debugging Nodes for IP Cores                            ; Off                ; Off                ;
; Preserve fewer node names                                      ; On                 ; On                 ;
; Disable OpenCore Plus hardware evaluation                      ; Off                ; Off                ;
; Verilog Version                                                ; Verilog_2001       ; Verilog_2001       ;
; VHDL Version                                                   ; VHDL93             ; VHDL93             ;
; State Machine Processing                                       ; Auto               ; Auto               ;
; Safe State Machine                                             ; Off                ; Off                ;
; Extract Verilog State Machines                                 ; On                 ; On                 ;
; Extract VHDL State Machines                                    ; On                 ; On                 ;
; Ignore Verilog initial constructs                              ; Off                ; Off                ;
; Iteration limit for constant Verilog loops                     ; 5000               ; 5000               ;
; Iteration limit for non-constant Verilog loops                 ; 250                ; 250                ;
; Add Pass-Through Logic to Inferred RAMs                        ; On                 ; On                 ;
; Parallel Synthesis                                             ; Off                ; Off                ;
; NOT Gate Push-Back                                             ; On                 ; On                 ;
; Power-Up Don't Care                                            ; On                 ; On                 ;
; Remove Redundant Logic Cells                                   ; Off                ; Off                ;
; Remove Duplicate Registers                                     ; On                 ; On                 ;
; Ignore CARRY Buffers                                           ; Off                ; Off                ;
; Ignore CASCADE Buffers                                         ; Off                ; Off                ;
; Ignore GLOBAL Buffers                                          ; Off                ; Off                ;
; Ignore ROW GLOBAL Buffers                                      ; Off                ; Off                ;
; Ignore LCELL Buffers                                           ; Off                ; Off                ;
; Ignore SOFT Buffers                                            ; On                 ; On                 ;
; Limit AHDL Integers to 32 Bits                                 ; Off                ; Off                ;
; Optimization Technique                                         ; Balanced           ; Balanced           ;
; Carry Chain Length                                             ; 70                 ; 70                 ;
; Auto Carry Chains                                              ; On                 ; On                 ;
; Auto Open-Drain Pins                                           ; On                 ; On                 ;
; Perform WYSIWYG Primitive Resynthesis                          ; Off                ; Off                ;
; Auto ROM Replacement                                           ; On                 ; On                 ;
; Auto RAM Replacement                                           ; On                 ; On                 ;
; Auto Shift Register Replacement                                ; Auto               ; Auto               ;
; Auto Clock Enable Replacement                                  ; On                 ; On                 ;
; Strict RAM Replacement                                         ; Off                ; Off                ;
; Allow Synchronous Control Signals                              ; On                 ; On                 ;
; Force Use of Synchronous Clear Signals                         ; Off                ; Off                ;
; Auto RAM Block Balancing                                       ; On                 ; On                 ;
; Auto RAM to Logic Cell Conversion                              ; Off                ; Off                ;
; Auto Resource Sharing                                          ; Off                ; Off                ;
; Allow Any RAM Size For Recognition                             ; Off                ; Off                ;
; Allow Any ROM Size For Recognition                             ; Off                ; Off                ;
; Allow Any Shift Register Size For Recognition                  ; Off                ; Off                ;
; Use LogicLock Constraints during Resource Balancing            ; On                 ; On                 ;
; Ignore translate_off and synthesis_off directives              ; Off                ; Off                ;
; Show Parameter Settings Tables in Synthesis Report             ; On                 ; On                 ;
; Ignore Maximum Fan-Out Assignments                             ; Off                ; Off                ;
; Synchronization Register Chain Length                          ; 2                  ; 2                  ;
; PowerPlay Power Optimization                                   ; Normal compilation ; Normal compilation ;
; HDL message level                                              ; Level2             ; Level2             ;
; Suppress Register Optimization Related Messages                ; Off                ; Off                ;
; Number of Removed Registers Reported in Synthesis Report       ; 100                ; 100                ;
; Number of Inverted Registers Reported in Synthesis Report      ; 100                ; 100                ;
; Clock MUX Protection                                           ; On                 ; On                 ;
; Block Design Naming                                            ; Auto               ; Auto               ;
; Synthesis Effort                                               ; Auto               ; Auto               ;
; Allows Asynchronous Clear Usage For Shift Register Replacement ; On                 ; On                 ;
; Analysis & Synthesis Message Level                             ; Medium             ; Medium             ;
+----------------------------------------------------------------+--------------------+--------------------+


+-----------------------------------------------------------------------------------------------------------+
; Analysis & Synthesis Source Files Read                                                                    ;
+----------------------------------+-----------------+-----------------------+------------------------------+
; File Name with User-Entered Path ; Used in Netlist ; File Type             ; File Name with Absolute Path ;
+----------------------------------+-----------------+-----------------------+------------------------------+
; control.vhd                      ; yes             ; User VHDL File        ; D:/jiaotongdeng/control.vhd  ;
; cona.vhd                         ; yes             ; Auto-Found VHDL File  ; D:/jiaotongdeng/cona.vhd     ;
; conb.vhd                         ; yes             ; Auto-Found VHDL File  ; D:/jiaotongdeng/conb.vhd     ;
+----------------------------------+-----------------+-----------------------+------------------------------+


+-----------------------------------------------------+
; Analysis & Synthesis Resource Usage Summary         ;
+---------------------------------------------+-------+
; Resource                                    ; Usage ;
+---------------------------------------------+-------+
; Total logic elements                        ; 69    ;
;     -- Combinational with no register       ; 35    ;
;     -- Register only                        ; 4     ;
;     -- Combinational with a register        ; 30    ;
;                                             ;       ;
; Logic element usage by number of LUT inputs ;       ;
;     -- 4 input functions                    ; 35    ;
;     -- 3 input functions                    ; 11    ;
;     -- 2 input functions                    ; 14    ;
;     -- 1 input functions                    ; 5     ;
;     -- 0 input functions                    ; 0     ;
;                                             ;       ;
; Logic elements by mode                      ;       ;
;     -- normal mode                          ; 69    ;
;     -- arithmetic mode                      ; 0     ;
;     -- qfbk mode                            ; 0     ;
;     -- register cascade mode                ; 0     ;
;     -- synchronous clear/load mode          ; 9     ;
;     -- asynchronous clear/load mode         ; 10    ;
;                                             ;       ;
; Total registers                             ; 34    ;
; I/O pins                                    ; 26    ;
; Maximum fan-out node                        ; clk   ;
; Maximum fan-out                             ; 34    ;
; Total fan-out                               ; 317   ;
; Average fan-out                             ; 3.34  ;
+---------------------------------------------+-------+


+-----------------------------------------------------------------------------------------------------------------------------------------------------------------------------------------------------------------------+
; Analysis & Synthesis Resource Utilization by Entity                                                                                                                                                                   ;
+----------------------------+-------------+--------------+-------------+------+--------------+--------------+-------------------+------------------+-----------------+------------+---------------------+--------------+
; Compilation Hierarchy Node ; Logic Cells ; LC Registers ; Memory Bits ; Pins ; Virtual Pins ; LUT-Only LCs ; Register-Only LCs ; LUT/Register LCs ; Carry Chain LCs ; Packed LCs ; Full Hierarchy Name ; Library Name ;
+----------------------------+-------------+--------------+-------------+------+--------------+--------------+-------------------+------------------+-----------------+------------+---------------------+--------------+
; |control                   ; 69 (0)      ; 34           ; 0           ; 26   ; 0            ; 35 (0)       ; 4 (0)             ; 30 (0)           ; 0 (0)           ; 0 (0)      ; |control            ; work         ;
;    |cona:u1|               ; 37 (37)     ; 17           ; 0           ; 0    ; 0            ; 20 (20)      ; 3 (3)             ; 14 (14)          ; 0 (0)           ; 0 (0)      ; |control|cona:u1    ; work         ;
;    |conb:u2|               ; 32 (32)     ; 17           ; 0           ; 0    ; 0            ; 15 (15)      ; 1 (1)             ; 16 (16)          ; 0 (0)           ; 0 (0)      ; |control|conb:u2    ; work         ;
+----------------------------+-------------+--------------+-------------+------+--------------+--------------+-------------------+------------------+-----------------+------------+---------------------+--------------+
Note: For table entries with two numbers listed, the numbers in parentheses indicate the number of resources of the given type used by the specific entity alone. The numbers listed outside of parentheses indicate the total resources of the given type used by the specific entity and all of its sub-entities in the hierarchy.


Encoding Type:  One-Hot
+--------------------------------------------------------------------+
; State Machine - |control|conb:u2|state                             ;
+--------------+------------+-------------+--------------+-----------+
; Name         ; state.left ; state.green ; state.yellow ; state.red ;
+--------------+------------+-------------+--------------+-----------+
; state.red    ; 0          ; 0           ; 0            ; 0         ;
; state.yellow ; 0          ; 0           ; 1            ; 1         ;
; state.green  ; 0          ; 1           ; 0            ; 1         ;
; state.left   ; 1          ; 0           ; 0            ; 1         ;
+--------------+------------+-------------+--------------+-----------+


Encoding Type:  One-Hot
+--------------------------------------------------------------------+
; State Machine - |control|cona:u1|state                             ;
+--------------+-------------+-----------+--------------+------------+
; Name         ; state.green ; state.red ; state.yellow ; state.left ;
+--------------+-------------+-----------+--------------+------------+
; state.left   ; 0           ; 0         ; 0            ; 0          ;
; state.yellow ; 0           ; 0         ; 1            ; 1          ;
; state.red    ; 0           ; 1         ; 0            ; 1          ;
; state.green  ; 1           ; 0         ; 0            ; 1          ;
+--------------+-------------+-----------+--------------+------------+


+------------------------------------------------------+
; General Register Statistics                          ;
+----------------------------------------------+-------+
; Statistic                                    ; Value ;
+----------------------------------------------+-------+
; Total registers                              ; 34    ;
; Number of registers using Synchronous Clear  ; 3     ;
; Number of registers using Synchronous Load   ; 6     ;
; Number of registers using Asynchronous Clear ; 10    ;
; Number of registers using Asynchronous Load  ; 0     ;
; Number of registers using Clock Enable       ; 27    ;
; Number of registers using Preset             ; 0     ;
+----------------------------------------------+-------+


+------------------------------------------------------------------------------------------------------------------------------------------+
; Multiplexer Restructuring Statistics (Restructuring Performed)                                                                           ;
+--------------------+-----------+---------------+----------------------+------------------------+------------+----------------------------+
; Multiplexer Inputs ; Bus Width ; Baseline Area ; Area if Restructured ; Saving if Restructured ; Registered ; Example Multiplexer Output ;
+--------------------+-----------+---------------+----------------------+------------------------+------------+----------------------------+
; 4:1                ; 2 bits    ; 4 LEs         ; 4 LEs                ; 0 LEs                  ; Yes        ; |control|conb:u2|th[2]     ;
; 5:1                ; 3 bits    ; 9 LEs         ; 9 LEs                ; 0 LEs                  ; Yes        ; |control|conb:u2|tl[0]     ;
; 8:1                ; 3 bits    ; 15 LEs        ; 12 LEs               ; 3 LEs                  ; Yes        ; |control|cona:u1|tl[3]     ;
+--------------------+-----------+---------------+----------------------+------------------------+------------+----------------------------+


+-------------------------------+
; Analysis & Synthesis Messages ;
+-------------------------------+
Info: *******************************************************************
Info: Running Quartus II Analysis & Synthesis
    Info: Version 9.0 Build 132 02/25/2009 SJ Full Version
    Info: Processing started: Wed Dec 30 09:33:13 2020
Info: Command: quartus_map --read_settings_files=on --write_settings_files=off control -c control
Info: Found 2 design units, including 1 entities, in source file control.vhd
    Info: Found design unit 1: control-m1
    Info: Found entity 1: control
Info: Elaborating entity "control" for the top level hierarchy
Warning: Using design file cona.vhd, which is not specified as a design file for the current project, but contains definitions for 2 design units and 1 entities in project
    Info: Found design unit 1: cona-com_arc
    Info: Found entity 1: cona
Info: Elaborating entity "cona" for hierarchy "cona:u1"
Warning (10492): VHDL Process Statement warning at cona.vhd(17): signal "rst" is read inside the Process Statement but isn't in the Process Statement's sensitivity list
Warning: Using design file conb.vhd, which is not specified as a design file for the current project, but contains definitions for 2 design units and 1 entities in project
    Info: Found design unit 1: conb-com_arc
    Info: Found entity 1: conb
Info: Elaborating entity "conb" for hierarchy "conb:u2"
Warning (10492): VHDL Process Statement warning at conb.vhd(17): signal "rst" is read inside the Process Statement but isn't in the Process Statement's sensitivity list
Info: Implemented 95 device resources after synthesis - the final resource count might be different
    Info: Implemented 2 input pins
    Info: Implemented 24 output pins
    Info: Implemented 69 logic cells
Info: Quartus II Analysis & Synthesis was successful. 0 errors, 4 warnings
    Info: Peak virtual memory: 218 megabytes
    Info: Processing ended: Wed Dec 30 09:33:14 2020
    Info: Elapsed time: 00:00:01
    Info: Total CPU time (on all processors): 00:00:01


