Classic Timing Analyzer report for gate3_8
Mon Dec 28 14:24:51 2020
Quartus II Version 9.0 Build 132 02/25/2009 SJ Full Version


---------------------
; Table of Contents ;
---------------------
  1. Legal Notice
  2. Timing Analyzer Summary
  3. Timing Analyzer Settings
  4. Parallel Compilation
  5. tpd
  6. Timing Analyzer Messages



----------------
; Legal Notice ;
----------------
Copyright (C) 1991-2009 Altera Corporation
Your use of Altera Corporation's design tools, logic functions 
and other software and tools, and its AMPP partner logic 
functions, and any output files from any of the foregoing 
(including device programming or simulation files), and any 
associated documentation or information are expressly subject 
to the terms and conditions of the Altera Program License 
Subscription Agreement, Altera MegaCore Function License 
Agreement, or other applicable license agreement, including, 
without limitation, that your use is for the sole purpose of 
programming logic devices manufactured by Altera and sold by 
Altera or its authorized distributors.  Please refer to the 
applicable agreement for further details.



+-----------------------------------------------------------------------------------------------------------------------+
; Timing Analyzer Summary                                                                                               ;
+------------------------------+-------+---------------+-------------+------+----+------------+----------+--------------+
; Type                         ; Slack ; Required Time ; Actual Time ; From ; To ; From Clock ; To Clock ; Failed Paths ;
+------------------------------+-------+---------------+-------------+------+----+------------+----------+--------------+
; Worst-case tpd               ; N/A   ; None          ; 11.058 ns   ; a2   ; y7 ; --         ; --       ; 0            ;
; Total number of failed paths ;       ;               ;             ;      ;    ;            ;          ; 0            ;
+------------------------------+-------+---------------+-------------+------+----+------------+----------+--------------+


+--------------------------------------------------------------------------------------------------------------------+
; Timing Analyzer Settings                                                                                           ;
+---------------------------------------------------------------------+--------------------+------+----+-------------+
; Option                                                              ; Setting            ; From ; To ; Entity Name ;
+---------------------------------------------------------------------+--------------------+------+----+-------------+
; Device Name                                                         ; EP1C6Q240C8        ;      ;    ;             ;
; Timing Models                                                       ; Final              ;      ;    ;             ;
; Default hold multicycle                                             ; Same as Multicycle ;      ;    ;             ;
; Cut paths between unrelated clock domains                           ; On                 ;      ;    ;             ;
; Cut off read during write signal paths                              ; On                 ;      ;    ;             ;
; Cut off feedback from I/O pins                                      ; On                 ;      ;    ;             ;
; Report Combined Fast/Slow Timing                                    ; Off                ;      ;    ;             ;
; Ignore Clock Settings                                               ; Off                ;      ;    ;             ;
; Analyze latches as synchronous elements                             ; On                 ;      ;    ;             ;
; Enable Recovery/Removal analysis                                    ; Off                ;      ;    ;             ;
; Enable Clock Latency                                                ; Off                ;      ;    ;             ;
; Use TimeQuest Timing Analyzer                                       ; Off                ;      ;    ;             ;
; Minimum Core Junction Temperature                                   ; 0                  ;      ;    ;             ;
; Maximum Core Junction Temperature                                   ; 85                 ;      ;    ;             ;
; Number of source nodes to report per destination node               ; 10                 ;      ;    ;             ;
; Number of destination nodes to report                               ; 10                 ;      ;    ;             ;
; Number of paths to report                                           ; 200                ;      ;    ;             ;
; Report Minimum Timing Checks                                        ; Off                ;      ;    ;             ;
; Use Fast Timing Models                                              ; Off                ;      ;    ;             ;
; Report IO Paths Separately                                          ; Off                ;      ;    ;             ;
; Perform Multicorner Analysis                                        ; Off                ;      ;    ;             ;
; Reports the worst-case path for each clock domain and analysis      ; Off                ;      ;    ;             ;
; Removes common clock path pessimism (CCPP) during slack computation ; Off                ;      ;    ;             ;
; Output I/O Timing Endpoint                                          ; Near End           ;      ;    ;             ;
+---------------------------------------------------------------------+--------------------+------+----+-------------+


+------------------------------------------+
; Parallel Compilation                     ;
+----------------------------+-------------+
; Processors                 ; Number      ;
+----------------------------+-------------+
; Number detected on machine ; 4           ;
; Maximum allowed            ; 4           ;
;                            ;             ;
; Average used               ; 1.00        ;
; Maximum used               ; 1           ;
;                            ;             ;
; Usage by Processor         ; % Time Used ;
;     1 processor            ; 100.0%      ;
;     2-4 processors         ;   0.0%      ;
+----------------------------+-------------+


+---------------------------------------------------------+
; tpd                                                     ;
+-------+-------------------+-----------------+------+----+
; Slack ; Required P2P Time ; Actual P2P Time ; From ; To ;
+-------+-------------------+-----------------+------+----+
; N/A   ; None              ; 11.058 ns       ; a2   ; y7 ;
; N/A   ; None              ; 11.047 ns       ; a2   ; y6 ;
; N/A   ; None              ; 11.041 ns       ; a2   ; y5 ;
; N/A   ; None              ; 11.038 ns       ; a2   ; y4 ;
; N/A   ; None              ; 10.957 ns       ; a1   ; y7 ;
; N/A   ; None              ; 10.946 ns       ; a1   ; y6 ;
; N/A   ; None              ; 10.945 ns       ; a1   ; y5 ;
; N/A   ; None              ; 10.941 ns       ; a1   ; y4 ;
; N/A   ; None              ; 10.938 ns       ; a2   ; y1 ;
; N/A   ; None              ; 10.929 ns       ; a2   ; y0 ;
; N/A   ; None              ; 10.844 ns       ; a1   ; y1 ;
; N/A   ; None              ; 10.834 ns       ; a1   ; y0 ;
; N/A   ; None              ; 10.800 ns       ; a0   ; y5 ;
; N/A   ; None              ; 10.795 ns       ; a0   ; y6 ;
; N/A   ; None              ; 10.793 ns       ; a0   ; y7 ;
; N/A   ; None              ; 10.789 ns       ; a0   ; y4 ;
; N/A   ; None              ; 10.694 ns       ; a0   ; y1 ;
; N/A   ; None              ; 10.693 ns       ; a0   ; y0 ;
; N/A   ; None              ; 10.608 ns       ; a2   ; y3 ;
; N/A   ; None              ; 10.607 ns       ; a2   ; y2 ;
; N/A   ; None              ; 10.505 ns       ; a1   ; y3 ;
; N/A   ; None              ; 10.504 ns       ; a1   ; y2 ;
; N/A   ; None              ; 10.350 ns       ; a0   ; y2 ;
; N/A   ; None              ; 10.346 ns       ; a0   ; y3 ;
+-------+-------------------+-----------------+------+----+


+--------------------------+
; Timing Analyzer Messages ;
+--------------------------+
Info: *******************************************************************
Info: Running Quartus II Classic Timing Analyzer
    Info: Version 9.0 Build 132 02/25/2009 SJ Full Version
    Info: Processing started: Mon Dec 28 14:24:50 2020
Info: Command: quartus_tan --read_settings_files=off --write_settings_files=off gate3_8 -c gate3_8 --timing_analysis_only
Info: Parallel compilation is enabled and will use 4 of the 4 processors detected
Info: Longest tpd from source pin "a2" to destination pin "y7" is 11.058 ns
    Info: 1: + IC(0.000 ns) + CELL(1.475 ns) = 1.475 ns; Loc. = PIN_235; Fanout = 8; PIN Node = 'a2'
    Info: 2: + IC(5.475 ns) + CELL(0.442 ns) = 7.392 ns; Loc. = LC_X1_Y19_N5; Fanout = 1; COMB Node = 'y7~1'
    Info: 3: + IC(1.542 ns) + CELL(2.124 ns) = 11.058 ns; Loc. = PIN_12; Fanout = 0; PIN Node = 'y7'
    Info: Total cell delay = 4.041 ns ( 36.54 % )
    Info: Total interconnect delay = 7.017 ns ( 63.46 % )
Info: Quartus II Classic Timing Analyzer was successful. 0 errors, 0 warnings
    Info: Peak virtual memory: 161 megabytes
    Info: Processing ended: Mon Dec 28 14:24:51 2020
    Info: Elapsed time: 00:00:01
    Info: Total CPU time (on all processors): 00:00:00


