Classic Timing Analyzer report for com_4
Tue Dec 29 09:23:50 2020
Quartus II Version 9.0 Build 132 02/25/2009 SJ Full Version


---------------------
; Table of Contents ;
---------------------
  1. Legal Notice
  2. Timing Analyzer Summary
  3. Timing Analyzer Settings
  4. Parallel Compilation
  5. tpd
  6. Timing Analyzer Messages



----------------
; Legal Notice ;
----------------
Copyright (C) 1991-2009 Altera Corporation
Your use of Altera Corporation's design tools, logic functions 
and other software and tools, and its AMPP partner logic 
functions, and any output files from any of the foregoing 
(including device programming or simulation files), and any 
associated documentation or information are expressly subject 
to the terms and conditions of the Altera Program License 
Subscription Agreement, Altera MegaCore Function License 
Agreement, or other applicable license agreement, including, 
without limitation, that your use is for the sole purpose of 
programming logic devices manufactured by Altera and sold by 
Altera or its authorized distributors.  Please refer to the 
applicable agreement for further details.



+-----------------------------------------------------------------------------------------------------------------------+
; Timing Analyzer Summary                                                                                               ;
+------------------------------+-------+---------------+-------------+------+----+------------+----------+--------------+
; Type                         ; Slack ; Required Time ; Actual Time ; From ; To ; From Clock ; To Clock ; Failed Paths ;
+------------------------------+-------+---------------+-------------+------+----+------------+----------+--------------+
; Worst-case tpd               ; N/A   ; None          ; 12.095 ns   ; a[0] ; y3 ; --         ; --       ; 0            ;
; Total number of failed paths ;       ;               ;             ;      ;    ;            ;          ; 0            ;
+------------------------------+-------+---------------+-------------+------+----+------------+----------+--------------+


+--------------------------------------------------------------------------------------------------------------------+
; Timing Analyzer Settings                                                                                           ;
+---------------------------------------------------------------------+--------------------+------+----+-------------+
; Option                                                              ; Setting            ; From ; To ; Entity Name ;
+---------------------------------------------------------------------+--------------------+------+----+-------------+
; Device Name                                                         ; EP1C6Q240C8        ;      ;    ;             ;
; Timing Models                                                       ; Final              ;      ;    ;             ;
; Default hold multicycle                                             ; Same as Multicycle ;      ;    ;             ;
; Cut paths between unrelated clock domains                           ; On                 ;      ;    ;             ;
; Cut off read during write signal paths                              ; On                 ;      ;    ;             ;
; Cut off feedback from I/O pins                                      ; On                 ;      ;    ;             ;
; Report Combined Fast/Slow Timing                                    ; Off                ;      ;    ;             ;
; Ignore Clock Settings                                               ; Off                ;      ;    ;             ;
; Analyze latches as synchronous elements                             ; On                 ;      ;    ;             ;
; Enable Recovery/Removal analysis                                    ; Off                ;      ;    ;             ;
; Enable Clock Latency                                                ; Off                ;      ;    ;             ;
; Use TimeQuest Timing Analyzer                                       ; Off                ;      ;    ;             ;
; Minimum Core Junction Temperature                                   ; 0                  ;      ;    ;             ;
; Maximum Core Junction Temperature                                   ; 85                 ;      ;    ;             ;
; Number of source nodes to report per destination node               ; 10                 ;      ;    ;             ;
; Number of destination nodes to report                               ; 10                 ;      ;    ;             ;
; Number of paths to report                                           ; 200                ;      ;    ;             ;
; Report Minimum Timing Checks                                        ; Off                ;      ;    ;             ;
; Use Fast Timing Models                                              ; Off                ;      ;    ;             ;
; Report IO Paths Separately                                          ; Off                ;      ;    ;             ;
; Perform Multicorner Analysis                                        ; Off                ;      ;    ;             ;
; Reports the worst-case path for each clock domain and analysis      ; Off                ;      ;    ;             ;
; Removes common clock path pessimism (CCPP) during slack computation ; Off                ;      ;    ;             ;
; Output I/O Timing Endpoint                                          ; Near End           ;      ;    ;             ;
+---------------------------------------------------------------------+--------------------+------+----+-------------+


+------------------------------------------+
; Parallel Compilation                     ;
+----------------------------+-------------+
; Processors                 ; Number      ;
+----------------------------+-------------+
; Number detected on machine ; 4           ;
; Maximum allowed            ; 4           ;
;                            ;             ;
; Average used               ; 1.00        ;
; Maximum used               ; 1           ;
;                            ;             ;
; Usage by Processor         ; % Time Used ;
;     1 processor            ; 100.0%      ;
;     2-4 processors         ;   0.0%      ;
+----------------------------+-------------+


+---------------------------------------------------------+
; tpd                                                     ;
+-------+-------------------+-----------------+------+----+
; Slack ; Required P2P Time ; Actual P2P Time ; From ; To ;
+-------+-------------------+-----------------+------+----+
; N/A   ; None              ; 12.095 ns       ; a[0] ; y3 ;
; N/A   ; None              ; 12.051 ns       ; b[1] ; y3 ;
; N/A   ; None              ; 11.887 ns       ; a[1] ; y3 ;
; N/A   ; None              ; 11.886 ns       ; b[0] ; y3 ;
; N/A   ; None              ; 11.778 ns       ; b[2] ; y3 ;
; N/A   ; None              ; 11.700 ns       ; a[2] ; y3 ;
; N/A   ; None              ; 11.663 ns       ; a[0] ; y2 ;
; N/A   ; None              ; 11.619 ns       ; b[1] ; y2 ;
; N/A   ; None              ; 11.496 ns       ; a[0] ; y1 ;
; N/A   ; None              ; 11.494 ns       ; b[3] ; y3 ;
; N/A   ; None              ; 11.455 ns       ; a[1] ; y2 ;
; N/A   ; None              ; 11.454 ns       ; b[1] ; y1 ;
; N/A   ; None              ; 11.454 ns       ; b[0] ; y2 ;
; N/A   ; None              ; 11.346 ns       ; b[2] ; y2 ;
; N/A   ; None              ; 11.345 ns       ; a[3] ; y3 ;
; N/A   ; None              ; 11.341 ns       ; b[2] ; y1 ;
; N/A   ; None              ; 11.288 ns       ; a[1] ; y1 ;
; N/A   ; None              ; 11.287 ns       ; b[0] ; y1 ;
; N/A   ; None              ; 11.268 ns       ; a[2] ; y2 ;
; N/A   ; None              ; 11.263 ns       ; a[2] ; y1 ;
; N/A   ; None              ; 11.062 ns       ; b[3] ; y2 ;
; N/A   ; None              ; 11.057 ns       ; b[3] ; y1 ;
; N/A   ; None              ; 10.913 ns       ; a[3] ; y2 ;
; N/A   ; None              ; 10.908 ns       ; a[3] ; y1 ;
+-------+-------------------+-----------------+------+----+


+--------------------------+
; Timing Analyzer Messages ;
+--------------------------+
Info: *******************************************************************
Info: Running Quartus II Classic Timing Analyzer
    Info: Version 9.0 Build 132 02/25/2009 SJ Full Version
    Info: Processing started: Tue Dec 29 09:23:49 2020
Info: Command: quartus_tan --read_settings_files=off --write_settings_files=off com_4 -c com_4 --timing_analysis_only
Info: Parallel compilation is enabled and will use 4 of the 4 processors detected
Info: Longest tpd from source pin "a[0]" to destination pin "y3" is 12.095 ns
    Info: 1: + IC(0.000 ns) + CELL(1.475 ns) = 1.475 ns; Loc. = PIN_233; Fanout = 2; PIN Node = 'a[0]'
    Info: 2: + IC(5.375 ns) + CELL(0.292 ns) = 7.142 ns; Loc. = LC_X2_Y20_N2; Fanout = 2; COMB Node = 'y2~1'
    Info: 3: + IC(0.452 ns) + CELL(0.590 ns) = 8.184 ns; Loc. = LC_X2_Y20_N7; Fanout = 1; COMB Node = 'y3~1'
    Info: 4: + IC(1.787 ns) + CELL(2.124 ns) = 12.095 ns; Loc. = PIN_3; Fanout = 0; PIN Node = 'y3'
    Info: Total cell delay = 4.481 ns ( 37.05 % )
    Info: Total interconnect delay = 7.614 ns ( 62.95 % )
Info: Quartus II Classic Timing Analyzer was successful. 0 errors, 0 warnings
    Info: Peak virtual memory: 161 megabytes
    Info: Processing ended: Tue Dec 29 09:23:50 2020
    Info: Elapsed time: 00:00:01
    Info: Total CPU time (on all processors): 00:00:00


